<?xml version="1.0" encoding="utf-8"?>
<test-run id="2" testcasecount="0" result="Passed" total="0" passed="0" failed="0" inconclusive="0" skipped="0" asserts="0" engine-version="3.5.0.0" clr-version="4.0.30319.42000" start-time="2022-03-06 18:25:53Z" end-time="2022-03-06 18:25:53Z" duration="0.0074471">
  <test-suite type="TestSuite" id="1005" name="die-gulde" fullname="die-gulde" runstate="Runnable" testcasecount="0" result="Passed" start-time="2022-03-06 18:25:53Z" end-time="2022-03-06 18:25:53Z" duration="0.007447" total="0" passed="0" failed="0" inconclusive="0" skipped="0" asserts="0">
    <properties />
  </test-suite>
</test-run>